The system is: Linux - 2.6.18-308.24.1.el5 - x86_64
Compiling the C compiler identification source file "CMakeCCompilerId.c" succeeded.
Compiler: /usr/bin/cc 
Build flags: 
Id flags: 

The output was:
0


Compilation of the C compiler identification source "CMakeCCompilerId.c" produced "a.out"

The C compiler identification is GNU, found in "/home/yangrui/NewCOStream/src/3rdpart/parmetis-4.0/metis/build/Linux-x86_64/CMakeFiles/2.8.12.1/CompilerIdC/a.out"

Compiling the CXX compiler identification source file "CMakeCXXCompilerId.cpp" succeeded.
Compiler: /usr/bin/c++ 
Build flags: 
Id flags: 

The output was:
0


Compilation of the CXX compiler identification source "CMakeCXXCompilerId.cpp" produced "a.out"

The CXX compiler identification is GNU, found in "/home/yangrui/NewCOStream/src/3rdpart/parmetis-4.0/metis/build/Linux-x86_64/CMakeFiles/2.8.12.1/CompilerIdCXX/a.out"

Determining if the C compiler works passed with the following output:
Change Dir: /home/yangrui/NewCOStream/src/3rdpart/parmetis-4.0/metis/build/Linux-x86_64/CMakeFiles/CMakeTmp

Run Build Command:/usr/bin/gmake "cmTryCompileExec1273281417/fast"
gmake[1]: Entering directory `/home/yangrui/NewCOStream/src/3rdpart/parmetis-4.0/metis/build/Linux-x86_64/CMakeFiles/CMakeTmp'
/usr/bin/gmake -f CMakeFiles/cmTryCompileExec1273281417.dir/build.make CMakeFiles/cmTryCompileExec1273281417.dir/build
gmake[2]: Entering directory `/home/yangrui/NewCOStream/src/3rdpart/parmetis-4.0/metis/build/Linux-x86_64/CMakeFiles/CMakeTmp'
/usr/local/bin/cmake -E cmake_progress_report /home/yangrui/NewCOStream/src/3rdpart/parmetis-4.0/metis/build/Linux-x86_64/CMakeFiles/CMakeTmp/CMakeFiles 1
Building C object CMakeFiles/cmTryCompileExec1273281417.dir/testCCompiler.c.o
/usr/bin/cc    -o CMakeFiles/cmTryCompileExec1273281417.dir/testCCompiler.c.o   -c /home/yangrui/NewCOStream/src/3rdpart/parmetis-4.0/metis/build/Linux-x86_64/CMakeFiles/CMakeTmp/testCCompiler.c
Linking C executable cmTryCompileExec1273281417
/usr/local/bin/cmake -E cmake_link_script CMakeFiles/cmTryCompileExec1273281417.dir/link.txt --verbose=1
/usr/bin/cc       CMakeFiles/cmTryCompileExec1273281417.dir/testCCompiler.c.o  -o cmTryCompileExec1273281417 -rdynamic 
gmake[2]: Leaving directory `/home/yangrui/NewCOStream/src/3rdpart/parmetis-4.0/metis/build/Linux-x86_64/CMakeFiles/CMakeTmp'
gmake[1]: Leaving directory `/home/yangrui/NewCOStream/src/3rdpart/parmetis-4.0/metis/build/Linux-x86_64/CMakeFiles/CMakeTmp'


Detecting C compiler ABI info compiled with the following output:
Change Dir: /home/yangrui/NewCOStream/src/3rdpart/parmetis-4.0/metis/build/Linux-x86_64/CMakeFiles/CMakeTmp

Run Build Command:/usr/bin/gmake "cmTryCompileExec4235034381/fast"
gmake[1]: Entering directory `/home/yangrui/NewCOStream/src/3rdpart/parmetis-4.0/metis/build/Linux-x86_64/CMakeFiles/CMakeTmp'
/usr/bin/gmake -f CMakeFiles/cmTryCompileExec4235034381.dir/build.make CMakeFiles/cmTryCompileExec4235034381.dir/build
gmake[2]: Entering directory `/home/yangrui/NewCOStream/src/3rdpart/parmetis-4.0/metis/build/Linux-x86_64/CMakeFiles/CMakeTmp'
/usr/local/bin/cmake -E cmake_progress_report /home/yangrui/NewCOStream/src/3rdpart/parmetis-4.0/metis/build/Linux-x86_64/CMakeFiles/CMakeTmp/CMakeFiles 1
Building C object CMakeFiles/cmTryCompileExec4235034381.dir/CMakeCCompilerABI.c.o
/usr/bin/cc    -o CMakeFiles/cmTryCompileExec4235034381.dir/CMakeCCompilerABI.c.o   -c /usr/local/share/cmake-2.8/Modules/CMakeCCompilerABI.c
Linking C executable cmTryCompileExec4235034381
/usr/local/bin/cmake -E cmake_link_script CMakeFiles/cmTryCompileExec4235034381.dir/link.txt --verbose=1
/usr/bin/cc     -v CMakeFiles/cmTryCompileExec4235034381.dir/CMakeCCompilerABI.c.o  -o cmTryCompileExec4235034381 -rdynamic  
使用内建 specs。
目标：x86_64-redhat-linux
配置为：../configure --prefix=/usr --mandir=/usr/share/man --infodir=/usr/share/info --enable-shared --enable-threads=posix --enable-checking=release --with-system-zlib --enable-__cxa_atexit --disable-libunwind-exceptions --enable-libgcj-multifile --enable-languages=c,c++,objc,obj-c++,java,fortran,ada --enable-java-awt=gtk --disable-dssi --disable-plugin --with-java-home=/usr/lib/jvm/java-1.4.2-gcj-1.4.2.0/jre --with-cpu=generic --host=x86_64-redhat-linux
线程模型：posix
gcc 版本 4.1.2 20080704 (Red Hat 4.1.2-55)
 /usr/libexec/gcc/x86_64-redhat-linux/4.1.2/collect2 --eh-frame-hdr -m elf_x86_64 --hash-style=gnu -export-dynamic -dynamic-linker /lib64/ld-linux-x86-64.so.2 -o cmTryCompileExec4235034381 /usr/lib/gcc/x86_64-redhat-linux/4.1.2/../../../../lib64/crt1.o /usr/lib/gcc/x86_64-redhat-linux/4.1.2/../../../../lib64/crti.o /usr/lib/gcc/x86_64-redhat-linux/4.1.2/crtbegin.o -L/usr/lib/gcc/x86_64-redhat-linux/4.1.2 -L/usr/lib/gcc/x86_64-redhat-linux/4.1.2 -L/usr/lib/gcc/x86_64-redhat-linux/4.1.2/../../../../lib64 -L/lib/../lib64 -L/usr/lib/../lib64 CMakeFiles/cmTryCompileExec4235034381.dir/CMakeCCompilerABI.c.o -lgcc --as-needed -lgcc_s --no-as-needed -lc -lgcc --as-needed -lgcc_s --no-as-needed /usr/lib/gcc/x86_64-redhat-linux/4.1.2/crtend.o /usr/lib/gcc/x86_64-redhat-linux/4.1.2/../../../../lib64/crtn.o
gmake[2]: Leaving directory `/home/yangrui/NewCOStream/src/3rdpart/parmetis-4.0/metis/build/Linux-x86_64/CMakeFiles/CMakeTmp'
gmake[1]: Leaving directory `/home/yangrui/NewCOStream/src/3rdpart/parmetis-4.0/metis/build/Linux-x86_64/CMakeFiles/CMakeTmp'


Parsed C implicit link information from above output:
  link line regex: [^( *|.*[/\])(ld|([^/\]+-)?ld|collect2)[^/\]*( |$)]
  ignore line: [Change Dir: /home/yangrui/NewCOStream/src/3rdpart/parmetis-4.0/metis/build/Linux-x86_64/CMakeFiles/CMakeTmp]
  ignore line: []
  ignore line: [Run Build Command:/usr/bin/gmake "cmTryCompileExec4235034381/fast"]
  ignore line: [gmake[1]: Entering directory `/home/yangrui/NewCOStream/src/3rdpart/parmetis-4.0/metis/build/Linux-x86_64/CMakeFiles/CMakeTmp']
  ignore line: [/usr/bin/gmake -f CMakeFiles/cmTryCompileExec4235034381.dir/build.make CMakeFiles/cmTryCompileExec4235034381.dir/build]
  ignore line: [gmake[2]: Entering directory `/home/yangrui/NewCOStream/src/3rdpart/parmetis-4.0/metis/build/Linux-x86_64/CMakeFiles/CMakeTmp']
  ignore line: [/usr/local/bin/cmake -E cmake_progress_report /home/yangrui/NewCOStream/src/3rdpart/parmetis-4.0/metis/build/Linux-x86_64/CMakeFiles/CMakeTmp/CMakeFiles 1]
  ignore line: [Building C object CMakeFiles/cmTryCompileExec4235034381.dir/CMakeCCompilerABI.c.o]
  ignore line: [/usr/bin/cc    -o CMakeFiles/cmTryCompileExec4235034381.dir/CMakeCCompilerABI.c.o   -c /usr/local/share/cmake-2.8/Modules/CMakeCCompilerABI.c]
  ignore line: [Linking C executable cmTryCompileExec4235034381]
  ignore line: [/usr/local/bin/cmake -E cmake_link_script CMakeFiles/cmTryCompileExec4235034381.dir/link.txt --verbose=1]
  ignore line: [/usr/bin/cc     -v CMakeFiles/cmTryCompileExec4235034381.dir/CMakeCCompilerABI.c.o  -o cmTryCompileExec4235034381 -rdynamic  ]
  ignore line: [使用内建 specs。]
  ignore line: [目标：x86_64-redhat-linux]
  ignore line: [配置为：../configure --prefix=/usr --mandir=/usr/share/man --infodir=/usr/share/info --enable-shared --enable-threads=posix --enable-checking=release --with-system-zlib --enable-__cxa_atexit --disable-libunwind-exceptions --enable-libgcj-multifile --enable-languages=c,c++,objc,obj-c++,java,fortran,ada --enable-java-awt=gtk --disable-dssi --disable-plugin --with-java-home=/usr/lib/jvm/java-1.4.2-gcj-1.4.2.0/jre --with-cpu=generic --host=x86_64-redhat-linux]
  ignore line: [线程模型：posix]
  ignore line: [gcc 版本 4.1.2 20080704 (Red Hat 4.1.2-55)]
  link line: [ /usr/libexec/gcc/x86_64-redhat-linux/4.1.2/collect2 --eh-frame-hdr -m elf_x86_64 --hash-style=gnu -export-dynamic -dynamic-linker /lib64/ld-linux-x86-64.so.2 -o cmTryCompileExec4235034381 /usr/lib/gcc/x86_64-redhat-linux/4.1.2/../../../../lib64/crt1.o /usr/lib/gcc/x86_64-redhat-linux/4.1.2/../../../../lib64/crti.o /usr/lib/gcc/x86_64-redhat-linux/4.1.2/crtbegin.o -L/usr/lib/gcc/x86_64-redhat-linux/4.1.2 -L/usr/lib/gcc/x86_64-redhat-linux/4.1.2 -L/usr/lib/gcc/x86_64-redhat-linux/4.1.2/../../../../lib64 -L/lib/../lib64 -L/usr/lib/../lib64 CMakeFiles/cmTryCompileExec4235034381.dir/CMakeCCompilerABI.c.o -lgcc --as-needed -lgcc_s --no-as-needed -lc -lgcc --as-needed -lgcc_s --no-as-needed /usr/lib/gcc/x86_64-redhat-linux/4.1.2/crtend.o /usr/lib/gcc/x86_64-redhat-linux/4.1.2/../../../../lib64/crtn.o]
    arg [/usr/libexec/gcc/x86_64-redhat-linux/4.1.2/collect2] ==> ignore
    arg [--eh-frame-hdr] ==> ignore
    arg [-m] ==> ignore
    arg [elf_x86_64] ==> ignore
    arg [--hash-style=gnu] ==> ignore
    arg [-export-dynamic] ==> ignore
    arg [-dynamic-linker] ==> ignore
    arg [/lib64/ld-linux-x86-64.so.2] ==> ignore
    arg [-o] ==> ignore
    arg [cmTryCompileExec4235034381] ==> ignore
    arg [/usr/lib/gcc/x86_64-redhat-linux/4.1.2/../../../../lib64/crt1.o] ==> ignore
    arg [/usr/lib/gcc/x86_64-redhat-linux/4.1.2/../../../../lib64/crti.o] ==> ignore
    arg [/usr/lib/gcc/x86_64-redhat-linux/4.1.2/crtbegin.o] ==> ignore
    arg [-L/usr/lib/gcc/x86_64-redhat-linux/4.1.2] ==> dir [/usr/lib/gcc/x86_64-redhat-linux/4.1.2]
    arg [-L/usr/lib/gcc/x86_64-redhat-linux/4.1.2] ==> dir [/usr/lib/gcc/x86_64-redhat-linux/4.1.2]
    arg [-L/usr/lib/gcc/x86_64-redhat-linux/4.1.2/../../../../lib64] ==> dir [/usr/lib/gcc/x86_64-redhat-linux/4.1.2/../../../../lib64]
    arg [-L/lib/../lib64] ==> dir [/lib/../lib64]
    arg [-L/usr/lib/../lib64] ==> dir [/usr/lib/../lib64]
    arg [CMakeFiles/cmTryCompileExec4235034381.dir/CMakeCCompilerABI.c.o] ==> ignore
    arg [-lgcc] ==> lib [gcc]
    arg [--as-needed] ==> ignore
    arg [-lgcc_s] ==> lib [gcc_s]
    arg [--no-as-needed] ==> ignore
    arg [-lc] ==> lib [c]
    arg [-lgcc] ==> lib [gcc]
    arg [--as-needed] ==> ignore
    arg [-lgcc_s] ==> lib [gcc_s]
    arg [--no-as-needed] ==> ignore
    arg [/usr/lib/gcc/x86_64-redhat-linux/4.1.2/crtend.o] ==> ignore
    arg [/usr/lib/gcc/x86_64-redhat-linux/4.1.2/../../../../lib64/crtn.o] ==> ignore
  remove lib [gcc]
  remove lib [gcc_s]
  remove lib [gcc]
  remove lib [gcc_s]
  collapse library dir [/usr/lib/gcc/x86_64-redhat-linux/4.1.2] ==> [/usr/lib/gcc/x86_64-redhat-linux/4.1.2]
  collapse library dir [/usr/lib/gcc/x86_64-redhat-linux/4.1.2] ==> [/usr/lib/gcc/x86_64-redhat-linux/4.1.2]
  collapse library dir [/usr/lib/gcc/x86_64-redhat-linux/4.1.2/../../../../lib64] ==> [/usr/lib64]
  collapse library dir [/lib/../lib64] ==> [/lib64]
  collapse library dir [/usr/lib/../lib64] ==> [/usr/lib64]
  implicit libs: [c]
  implicit dirs: [/usr/lib/gcc/x86_64-redhat-linux/4.1.2;/usr/lib64;/lib64]
  implicit fwks: []


Determining if the CXX compiler works passed with the following output:
Change Dir: /home/yangrui/NewCOStream/src/3rdpart/parmetis-4.0/metis/build/Linux-x86_64/CMakeFiles/CMakeTmp

Run Build Command:/usr/bin/gmake "cmTryCompileExec3769544931/fast"
gmake[1]: Entering directory `/home/yangrui/NewCOStream/src/3rdpart/parmetis-4.0/metis/build/Linux-x86_64/CMakeFiles/CMakeTmp'
/usr/bin/gmake -f CMakeFiles/cmTryCompileExec3769544931.dir/build.make CMakeFiles/cmTryCompileExec3769544931.dir/build
gmake[2]: Entering directory `/home/yangrui/NewCOStream/src/3rdpart/parmetis-4.0/metis/build/Linux-x86_64/CMakeFiles/CMakeTmp'
/usr/local/bin/cmake -E cmake_progress_report /home/yangrui/NewCOStream/src/3rdpart/parmetis-4.0/metis/build/Linux-x86_64/CMakeFiles/CMakeTmp/CMakeFiles 1
Building CXX object CMakeFiles/cmTryCompileExec3769544931.dir/testCXXCompiler.cxx.o
/usr/bin/c++     -o CMakeFiles/cmTryCompileExec3769544931.dir/testCXXCompiler.cxx.o -c /home/yangrui/NewCOStream/src/3rdpart/parmetis-4.0/metis/build/Linux-x86_64/CMakeFiles/CMakeTmp/testCXXCompiler.cxx
Linking CXX executable cmTryCompileExec3769544931
/usr/local/bin/cmake -E cmake_link_script CMakeFiles/cmTryCompileExec3769544931.dir/link.txt --verbose=1
/usr/bin/c++        CMakeFiles/cmTryCompileExec3769544931.dir/testCXXCompiler.cxx.o  -o cmTryCompileExec3769544931 -rdynamic 
gmake[2]: Leaving directory `/home/yangrui/NewCOStream/src/3rdpart/parmetis-4.0/metis/build/Linux-x86_64/CMakeFiles/CMakeTmp'
gmake[1]: Leaving directory `/home/yangrui/NewCOStream/src/3rdpart/parmetis-4.0/metis/build/Linux-x86_64/CMakeFiles/CMakeTmp'


Detecting CXX compiler ABI info compiled with the following output:
Change Dir: /home/yangrui/NewCOStream/src/3rdpart/parmetis-4.0/metis/build/Linux-x86_64/CMakeFiles/CMakeTmp

Run Build Command:/usr/bin/gmake "cmTryCompileExec580817153/fast"
gmake[1]: Entering directory `/home/yangrui/NewCOStream/src/3rdpart/parmetis-4.0/metis/build/Linux-x86_64/CMakeFiles/CMakeTmp'
/usr/bin/gmake -f CMakeFiles/cmTryCompileExec580817153.dir/build.make CMakeFiles/cmTryCompileExec580817153.dir/build
gmake[2]: Entering directory `/home/yangrui/NewCOStream/src/3rdpart/parmetis-4.0/metis/build/Linux-x86_64/CMakeFiles/CMakeTmp'
/usr/local/bin/cmake -E cmake_progress_report /home/yangrui/NewCOStream/src/3rdpart/parmetis-4.0/metis/build/Linux-x86_64/CMakeFiles/CMakeTmp/CMakeFiles 1
Building CXX object CMakeFiles/cmTryCompileExec580817153.dir/CMakeCXXCompilerABI.cpp.o
/usr/bin/c++     -o CMakeFiles/cmTryCompileExec580817153.dir/CMakeCXXCompilerABI.cpp.o -c /usr/local/share/cmake-2.8/Modules/CMakeCXXCompilerABI.cpp
Linking CXX executable cmTryCompileExec580817153
/usr/local/bin/cmake -E cmake_link_script CMakeFiles/cmTryCompileExec580817153.dir/link.txt --verbose=1
/usr/bin/c++      -v CMakeFiles/cmTryCompileExec580817153.dir/CMakeCXXCompilerABI.cpp.o  -o cmTryCompileExec580817153 -rdynamic  
使用内建 specs。
目标：x86_64-redhat-linux
配置为：../configure --prefix=/usr --mandir=/usr/share/man --infodir=/usr/share/info --enable-shared --enable-threads=posix --enable-checking=release --with-system-zlib --enable-__cxa_atexit --disable-libunwind-exceptions --enable-libgcj-multifile --enable-languages=c,c++,objc,obj-c++,java,fortran,ada --enable-java-awt=gtk --disable-dssi --disable-plugin --with-java-home=/usr/lib/jvm/java-1.4.2-gcj-1.4.2.0/jre --with-cpu=generic --host=x86_64-redhat-linux
线程模型：posix
gcc 版本 4.1.2 20080704 (Red Hat 4.1.2-55)
 /usr/libexec/gcc/x86_64-redhat-linux/4.1.2/collect2 --eh-frame-hdr -m elf_x86_64 --hash-style=gnu -export-dynamic -dynamic-linker /lib64/ld-linux-x86-64.so.2 -o cmTryCompileExec580817153 /usr/lib/gcc/x86_64-redhat-linux/4.1.2/../../../../lib64/crt1.o /usr/lib/gcc/x86_64-redhat-linux/4.1.2/../../../../lib64/crti.o /usr/lib/gcc/x86_64-redhat-linux/4.1.2/crtbegin.o -L/usr/lib/gcc/x86_64-redhat-linux/4.1.2 -L/usr/lib/gcc/x86_64-redhat-linux/4.1.2 -L/usr/lib/gcc/x86_64-redhat-linux/4.1.2/../../../../lib64 -L/lib/../lib64 -L/usr/lib/../lib64 CMakeFiles/cmTryCompileExec580817153.dir/CMakeCXXCompilerABI.cpp.o -lstdc++ -lm -lgcc_s -lgcc -lc -lgcc_s -lgcc /usr/lib/gcc/x86_64-redhat-linux/4.1.2/crtend.o /usr/lib/gcc/x86_64-redhat-linux/4.1.2/../../../../lib64/crtn.o
gmake[2]: Leaving directory `/home/yangrui/NewCOStream/src/3rdpart/parmetis-4.0/metis/build/Linux-x86_64/CMakeFiles/CMakeTmp'
gmake[1]: Leaving directory `/home/yangrui/NewCOStream/src/3rdpart/parmetis-4.0/metis/build/Linux-x86_64/CMakeFiles/CMakeTmp'


Parsed CXX implicit link information from above output:
  link line regex: [^( *|.*[/\])(ld|([^/\]+-)?ld|collect2)[^/\]*( |$)]
  ignore line: [Change Dir: /home/yangrui/NewCOStream/src/3rdpart/parmetis-4.0/metis/build/Linux-x86_64/CMakeFiles/CMakeTmp]
  ignore line: []
  ignore line: [Run Build Command:/usr/bin/gmake "cmTryCompileExec580817153/fast"]
  ignore line: [gmake[1]: Entering directory `/home/yangrui/NewCOStream/src/3rdpart/parmetis-4.0/metis/build/Linux-x86_64/CMakeFiles/CMakeTmp']
  ignore line: [/usr/bin/gmake -f CMakeFiles/cmTryCompileExec580817153.dir/build.make CMakeFiles/cmTryCompileExec580817153.dir/build]
  ignore line: [gmake[2]: Entering directory `/home/yangrui/NewCOStream/src/3rdpart/parmetis-4.0/metis/build/Linux-x86_64/CMakeFiles/CMakeTmp']
  ignore line: [/usr/local/bin/cmake -E cmake_progress_report /home/yangrui/NewCOStream/src/3rdpart/parmetis-4.0/metis/build/Linux-x86_64/CMakeFiles/CMakeTmp/CMakeFiles 1]
  ignore line: [Building CXX object CMakeFiles/cmTryCompileExec580817153.dir/CMakeCXXCompilerABI.cpp.o]
  ignore line: [/usr/bin/c++     -o CMakeFiles/cmTryCompileExec580817153.dir/CMakeCXXCompilerABI.cpp.o -c /usr/local/share/cmake-2.8/Modules/CMakeCXXCompilerABI.cpp]
  ignore line: [Linking CXX executable cmTryCompileExec580817153]
  ignore line: [/usr/local/bin/cmake -E cmake_link_script CMakeFiles/cmTryCompileExec580817153.dir/link.txt --verbose=1]
  ignore line: [/usr/bin/c++      -v CMakeFiles/cmTryCompileExec580817153.dir/CMakeCXXCompilerABI.cpp.o  -o cmTryCompileExec580817153 -rdynamic  ]
  ignore line: [使用内建 specs。]
  ignore line: [目标：x86_64-redhat-linux]
  ignore line: [配置为：../configure --prefix=/usr --mandir=/usr/share/man --infodir=/usr/share/info --enable-shared --enable-threads=posix --enable-checking=release --with-system-zlib --enable-__cxa_atexit --disable-libunwind-exceptions --enable-libgcj-multifile --enable-languages=c,c++,objc,obj-c++,java,fortran,ada --enable-java-awt=gtk --disable-dssi --disable-plugin --with-java-home=/usr/lib/jvm/java-1.4.2-gcj-1.4.2.0/jre --with-cpu=generic --host=x86_64-redhat-linux]
  ignore line: [线程模型：posix]
  ignore line: [gcc 版本 4.1.2 20080704 (Red Hat 4.1.2-55)]
  link line: [ /usr/libexec/gcc/x86_64-redhat-linux/4.1.2/collect2 --eh-frame-hdr -m elf_x86_64 --hash-style=gnu -export-dynamic -dynamic-linker /lib64/ld-linux-x86-64.so.2 -o cmTryCompileExec580817153 /usr/lib/gcc/x86_64-redhat-linux/4.1.2/../../../../lib64/crt1.o /usr/lib/gcc/x86_64-redhat-linux/4.1.2/../../../../lib64/crti.o /usr/lib/gcc/x86_64-redhat-linux/4.1.2/crtbegin.o -L/usr/lib/gcc/x86_64-redhat-linux/4.1.2 -L/usr/lib/gcc/x86_64-redhat-linux/4.1.2 -L/usr/lib/gcc/x86_64-redhat-linux/4.1.2/../../../../lib64 -L/lib/../lib64 -L/usr/lib/../lib64 CMakeFiles/cmTryCompileExec580817153.dir/CMakeCXXCompilerABI.cpp.o -lstdc++ -lm -lgcc_s -lgcc -lc -lgcc_s -lgcc /usr/lib/gcc/x86_64-redhat-linux/4.1.2/crtend.o /usr/lib/gcc/x86_64-redhat-linux/4.1.2/../../../../lib64/crtn.o]
    arg [/usr/libexec/gcc/x86_64-redhat-linux/4.1.2/collect2] ==> ignore
    arg [--eh-frame-hdr] ==> ignore
    arg [-m] ==> ignore
    arg [elf_x86_64] ==> ignore
    arg [--hash-style=gnu] ==> ignore
    arg [-export-dynamic] ==> ignore
    arg [-dynamic-linker] ==> ignore
    arg [/lib64/ld-linux-x86-64.so.2] ==> ignore
    arg [-o] ==> ignore
    arg [cmTryCompileExec580817153] ==> ignore
    arg [/usr/lib/gcc/x86_64-redhat-linux/4.1.2/../../../../lib64/crt1.o] ==> ignore
    arg [/usr/lib/gcc/x86_64-redhat-linux/4.1.2/../../../../lib64/crti.o] ==> ignore
    arg [/usr/lib/gcc/x86_64-redhat-linux/4.1.2/crtbegin.o] ==> ignore
    arg [-L/usr/lib/gcc/x86_64-redhat-linux/4.1.2] ==> dir [/usr/lib/gcc/x86_64-redhat-linux/4.1.2]
    arg [-L/usr/lib/gcc/x86_64-redhat-linux/4.1.2] ==> dir [/usr/lib/gcc/x86_64-redhat-linux/4.1.2]
    arg [-L/usr/lib/gcc/x86_64-redhat-linux/4.1.2/../../../../lib64] ==> dir [/usr/lib/gcc/x86_64-redhat-linux/4.1.2/../../../../lib64]
    arg [-L/lib/../lib64] ==> dir [/lib/../lib64]
    arg [-L/usr/lib/../lib64] ==> dir [/usr/lib/../lib64]
    arg [CMakeFiles/cmTryCompileExec580817153.dir/CMakeCXXCompilerABI.cpp.o] ==> ignore
    arg [-lstdc++] ==> lib [stdc++]
    arg [-lm] ==> lib [m]
    arg [-lgcc_s] ==> lib [gcc_s]
    arg [-lgcc] ==> lib [gcc]
    arg [-lc] ==> lib [c]
    arg [-lgcc_s] ==> lib [gcc_s]
    arg [-lgcc] ==> lib [gcc]
    arg [/usr/lib/gcc/x86_64-redhat-linux/4.1.2/crtend.o] ==> ignore
    arg [/usr/lib/gcc/x86_64-redhat-linux/4.1.2/../../../../lib64/crtn.o] ==> ignore
  remove lib [gcc_s]
  remove lib [gcc]
  remove lib [gcc_s]
  remove lib [gcc]
  collapse library dir [/usr/lib/gcc/x86_64-redhat-linux/4.1.2] ==> [/usr/lib/gcc/x86_64-redhat-linux/4.1.2]
  collapse library dir [/usr/lib/gcc/x86_64-redhat-linux/4.1.2] ==> [/usr/lib/gcc/x86_64-redhat-linux/4.1.2]
  collapse library dir [/usr/lib/gcc/x86_64-redhat-linux/4.1.2/../../../../lib64] ==> [/usr/lib64]
  collapse library dir [/lib/../lib64] ==> [/lib64]
  collapse library dir [/usr/lib/../lib64] ==> [/usr/lib64]
  implicit libs: [stdc++;m;c]
  implicit dirs: [/usr/lib/gcc/x86_64-redhat-linux/4.1.2;/usr/lib64;/lib64]
  implicit fwks: []


Determining if the include file execinfo.h exists passed with the following output:
Change Dir: /home/yangrui/NewCOStream/src/3rdpart/parmetis-4.0/metis/build/Linux-x86_64/CMakeFiles/CMakeTmp

Run Build Command:/usr/bin/gmake "cmTryCompileExec237598184/fast"
gmake[1]: Entering directory `/home/yangrui/NewCOStream/src/3rdpart/parmetis-4.0/metis/build/Linux-x86_64/CMakeFiles/CMakeTmp'
/usr/bin/gmake -f CMakeFiles/cmTryCompileExec237598184.dir/build.make CMakeFiles/cmTryCompileExec237598184.dir/build
gmake[2]: Entering directory `/home/yangrui/NewCOStream/src/3rdpart/parmetis-4.0/metis/build/Linux-x86_64/CMakeFiles/CMakeTmp'
/usr/local/bin/cmake -E cmake_progress_report /home/yangrui/NewCOStream/src/3rdpart/parmetis-4.0/metis/build/Linux-x86_64/CMakeFiles/CMakeTmp/CMakeFiles 1
Building C object CMakeFiles/cmTryCompileExec237598184.dir/CheckIncludeFile.c.o
/usr/bin/cc    -o CMakeFiles/cmTryCompileExec237598184.dir/CheckIncludeFile.c.o   -c /home/yangrui/NewCOStream/src/3rdpart/parmetis-4.0/metis/build/Linux-x86_64/CMakeFiles/CMakeTmp/CheckIncludeFile.c
Linking C executable cmTryCompileExec237598184
/usr/local/bin/cmake -E cmake_link_script CMakeFiles/cmTryCompileExec237598184.dir/link.txt --verbose=1
/usr/bin/cc       CMakeFiles/cmTryCompileExec237598184.dir/CheckIncludeFile.c.o  -o cmTryCompileExec237598184 -rdynamic 
gmake[2]: Leaving directory `/home/yangrui/NewCOStream/src/3rdpart/parmetis-4.0/metis/build/Linux-x86_64/CMakeFiles/CMakeTmp'
gmake[1]: Leaving directory `/home/yangrui/NewCOStream/src/3rdpart/parmetis-4.0/metis/build/Linux-x86_64/CMakeFiles/CMakeTmp'


Determining if the function getline exists passed with the following output:
Change Dir: /home/yangrui/NewCOStream/src/3rdpart/parmetis-4.0/metis/build/Linux-x86_64/CMakeFiles/CMakeTmp

Run Build Command:/usr/bin/gmake "cmTryCompileExec4130798734/fast"
gmake[1]: Entering directory `/home/yangrui/NewCOStream/src/3rdpart/parmetis-4.0/metis/build/Linux-x86_64/CMakeFiles/CMakeTmp'
/usr/bin/gmake -f CMakeFiles/cmTryCompileExec4130798734.dir/build.make CMakeFiles/cmTryCompileExec4130798734.dir/build
gmake[2]: Entering directory `/home/yangrui/NewCOStream/src/3rdpart/parmetis-4.0/metis/build/Linux-x86_64/CMakeFiles/CMakeTmp'
/usr/local/bin/cmake -E cmake_progress_report /home/yangrui/NewCOStream/src/3rdpart/parmetis-4.0/metis/build/Linux-x86_64/CMakeFiles/CMakeTmp/CMakeFiles 1
Building C object CMakeFiles/cmTryCompileExec4130798734.dir/CheckFunctionExists.c.o
/usr/bin/cc   -DCHECK_FUNCTION_EXISTS=getline   -o CMakeFiles/cmTryCompileExec4130798734.dir/CheckFunctionExists.c.o   -c /usr/local/share/cmake-2.8/Modules/CheckFunctionExists.c
Linking C executable cmTryCompileExec4130798734
/usr/local/bin/cmake -E cmake_link_script CMakeFiles/cmTryCompileExec4130798734.dir/link.txt --verbose=1
/usr/bin/cc   -DCHECK_FUNCTION_EXISTS=getline    CMakeFiles/cmTryCompileExec4130798734.dir/CheckFunctionExists.c.o  -o cmTryCompileExec4130798734 -rdynamic 
gmake[2]: Leaving directory `/home/yangrui/NewCOStream/src/3rdpart/parmetis-4.0/metis/build/Linux-x86_64/CMakeFiles/CMakeTmp'
gmake[1]: Leaving directory `/home/yangrui/NewCOStream/src/3rdpart/parmetis-4.0/metis/build/Linux-x86_64/CMakeFiles/CMakeTmp'


